  dllmain.cpp
D:\LL 2.0\dev\Header\MC\Vec3.hpp(14,12): warning C4244: инициализация: преобразование "int" в "float", возможна потеря данных
D:\LL 2.0\dev\Header\MC\Vec3.hpp(15,12): warning C4244: инициализация: преобразование "int" в "float", возможна потеря данных
D:\LL 2.0\dev\Header\MC\Vec3.hpp(16,12): warning C4244: инициализация: преобразование "int" в "float", возможна потеря данных
D:\LL 2.0\dev\Header\MC\Vec3.hpp(18,12): warning C4244: инициализация: преобразование "double" в "float", возможна потеря данных
D:\LL 2.0\dev\Header\MC\Vec3.hpp(19,12): warning C4244: инициализация: преобразование "double" в "float", возможна потеря данных
D:\LL 2.0\dev\Header\MC\Vec3.hpp(20,12): warning C4244: инициализация: преобразование "double" в "float", возможна потеря данных
D:\LL 2.0\dev\Header\MC\Vec3.hpp(22,12): warning C4244: инициализация: преобразование "int" в "float", возможна потеря данных
D:\LL 2.0\dev\Header\MC\Vec3.hpp(23,12): warning C4244: инициализация: преобразование "int" в "float", возможна потеря данных
D:\LL 2.0\dev\Header\MC\Vec3.hpp(24,12): warning C4244: инициализация: преобразование "int" в "float", возможна потеря данных
  Defining YAML_CPP_API for DLL import
D:\WorldProtect\WorldProtect\dllmain.cpp(132,21): warning C4996: 'std::codecvt_utf8<wchar_t,1114111,(std::codecvt_mode)0>': warning STL4017: std::wbuffer_convert, std::wstring_convert, and the <codecvt> header (containing std::codecvt_mode, std::codecvt_utf8, std::codecvt_utf16, and std::codecvt_utf8_utf16) are deprecated in C++17. (The std::codecvt class template is NOT deprecated.) The C++ Standard doesn't provide equivalent non-deprecated functionality; consider using MultiByteToWideChar() and WideCharToMultiByte() from <Windows.h> instead. You can define _SILENCE_CXX17_CODECVT_HEADER_DEPRECATION_WARNING or _SILENCE_ALL_CXX17_DEPRECATION_WARNINGS to acknowledge that you have received this warning.
C:\Program Files (x86)\Microsoft Visual Studio\2019\Community\VC\Tools\MSVC\14.29.30133\include\codecvt(34,1): message : см. объявление "std::codecvt_utf8"
D:\WorldProtect\WorldProtect\dllmain.cpp(132,5): warning C4996: 'std::wstring_convert<std::codecvt_utf8<wchar_t,1114111,(std::codecvt_mode)0>,wchar_t,std::allocator<wchar_t>,std::allocator<char>>': warning STL4017: std::wbuffer_convert, std::wstring_convert, and the <codecvt> header (containing std::codecvt_mode, std::codecvt_utf8, std::codecvt_utf16, and std::codecvt_utf8_utf16) are deprecated in C++17. (The std::codecvt class template is NOT deprecated.) The C++ Standard doesn't provide equivalent non-deprecated functionality; consider using MultiByteToWideChar() and WideCharToMultiByte() from <Windows.h> instead. You can define _SILENCE_CXX17_CODECVT_HEADER_DEPRECATION_WARNING or _SILENCE_ALL_CXX17_DEPRECATION_WARNINGS to acknowledge that you have received this warning.
C:\Program Files (x86)\Microsoft Visual Studio\2019\Community\VC\Tools\MSVC\14.29.30133\include\xlocbuf(302,1): message : см. объявление "std::wstring_convert"
D:\WorldProtect\WorldProtect\dllmain.cpp(132,44): warning C4996: 'std::wstring_convert<std::codecvt_utf8<wchar_t,1114111,(std::codecvt_mode)0>,wchar_t,std::allocator<wchar_t>,std::allocator<char>>::wstring_convert': warning STL4017: std::wbuffer_convert, std::wstring_convert, and the <codecvt> header (containing std::codecvt_mode, std::codecvt_utf8, std::codecvt_utf16, and std::codecvt_utf8_utf16) are deprecated in C++17. (The std::codecvt class template is NOT deprecated.) The C++ Standard doesn't provide equivalent non-deprecated functionality; consider using MultiByteToWideChar() and WideCharToMultiByte() from <Windows.h> instead. You can define _SILENCE_CXX17_CODECVT_HEADER_DEPRECATION_WARNING or _SILENCE_ALL_CXX17_DEPRECATION_WARNINGS to acknowledge that you have received this warning.
D:\WorldProtect\WorldProtect\dllmain.cpp(133,25): warning C4996: 'std::wstring_convert<std::codecvt_utf8<wchar_t,1114111,(std::codecvt_mode)0>,wchar_t,std::allocator<wchar_t>,std::allocator<char>>::from_bytes': warning STL4017: std::wbuffer_convert, std::wstring_convert, and the <codecvt> header (containing std::codecvt_mode, std::codecvt_utf8, std::codecvt_utf16, and std::codecvt_utf8_utf16) are deprecated in C++17. (The std::codecvt class template is NOT deprecated.) The C++ Standard doesn't provide equivalent non-deprecated functionality; consider using MultiByteToWideChar() and WideCharToMultiByte() from <Windows.h> instead. You can define _SILENCE_CXX17_CODECVT_HEADER_DEPRECATION_WARNING or _SILENCE_ALL_CXX17_DEPRECATION_WARNINGS to acknowledge that you have received this warning.
     Создается библиотека D:\WorldProtect\x64\Release\WorldProtect.lib и объект D:\WorldProtect\x64\Release\WorldProtect.exp
LINK : warning LNK4098: библиотека по умолчанию "MSVCRT" конфликтует с использованием других библиотек; используйте /NODEFAULTLIB:library
  Создание кода
  1 of 3811 functions (<0.1%) were compiled, the rest were copied from previous compilation.
    0 functions were new in current compilation
    5 functions had inline decision re-evaluated but remain unchanged
  Создание кода завершено
  WorldProtect.vcxproj -> D:\WorldProtect\x64\Release\WorldProtect.dll
