d:\worldprotect\worldprotect\x64\release\worldprotect.pch
d:\worldprotect\worldprotect\x64\release\vc142.pdb
d:\worldprotect\worldprotect\x64\release\pch.obj
d:\worldprotect\worldprotect\x64\release\dllmain.obj
d:\worldprotect\x64\release\worldprotect.lib
d:\worldprotect\x64\release\worldprotect.exp
d:\worldprotect\worldprotect\x64\release\worldprotect.ipdb
d:\worldprotect\worldprotect\x64\release\worldprotect.iobj
d:\worldprotect\x64\release\worldprotect.pdb
d:\worldprotect\worldprotect\x64\release\worldprotect.tlog\cl.command.1.tlog
d:\worldprotect\worldprotect\x64\release\worldprotect.tlog\cl.read.1.tlog
d:\worldprotect\worldprotect\x64\release\worldprotect.tlog\cl.write.1.tlog
d:\worldprotect\worldprotect\x64\release\worldprotect.tlog\link-cvtres.read.1.tlog
d:\worldprotect\worldprotect\x64\release\worldprotect.tlog\link-cvtres.write.1.tlog
d:\worldprotect\worldprotect\x64\release\worldprotect.tlog\link-rc.read.1.tlog
d:\worldprotect\worldprotect\x64\release\worldprotect.tlog\link-rc.write.1.tlog
d:\worldprotect\worldprotect\x64\release\worldprotect.tlog\link.command.1.tlog
d:\worldprotect\worldprotect\x64\release\worldprotect.tlog\link.read.1.tlog
d:\worldprotect\worldprotect\x64\release\worldprotect.tlog\link.write.1.tlog
d:\worldprotect\worldprotect\x64\release\worldprotect.tlog\worldprotect.write.1u.tlog
